<?xml version="1.0" encoding="UTF-8"?>
<testng-results skipped="0" failed="0" ignored="0" total="1" passed="1">
  <reporter-output>
  </reporter-output>
  <suite name="Suite" duration-ms="42098" started-at="2019-09-08T12:50:43Z" finished-at="2019-09-08T12:51:25Z">
    <groups>
    </groups>
    <test name="Test" duration-ms="42098" started-at="2019-09-08T12:50:43Z" finished-at="2019-09-08T12:51:25Z">
      <class name="testscripts.TestLogin">
        <test-method status="PASS" signature="openApplication()[pri:0, instance:testscripts.TestLogin@4b9e13df]" name="openApplication" is-config="true" duration-ms="22012" started-at="2019-09-08T12:50:43Z" finished-at="2019-09-08T12:51:05Z">
          <reporter-output>
          </reporter-output>
        </test-method> <!-- openApplication -->
        <test-method status="PASS" signature="testLogin()[pri:0, instance:testscripts.TestLogin@4b9e13df]" name="testLogin" duration-ms="17919" started-at="2019-09-08T12:51:05Z" finished-at="2019-09-08T12:51:23Z">
          <reporter-output>
          </reporter-output>
        </test-method> <!-- testLogin -->
        <test-method status="PASS" signature="closeApplication()[pri:0, instance:testscripts.TestLogin@4b9e13df]" name="closeApplication" is-config="true" duration-ms="2130" started-at="2019-09-08T12:51:23Z" finished-at="2019-09-08T12:51:25Z">
          <reporter-output>
          </reporter-output>
        </test-method> <!-- closeApplication -->
      </class> <!-- testscripts.TestLogin -->
    </test> <!-- Test -->
  </suite> <!-- Suite -->
</testng-results>
